[0.145s] DEBUG:colcon:Command line arguments: ['/usr/bin/colcon', 'build', '--symlink-install']
[0.145s] DEBUG:colcon:Parsed command line arguments: Namespace(allow_overriding=[], ament_cmake_args=None, base_paths=['.'], build_base='build', catkin_cmake_args=None, catkin_skip_building_tests=False, cmake_args=None, cmake_clean_cache=False, cmake_clean_first=False, cmake_force_configure=False, cmake_target=None, cmake_target_skip_unavailable=False, continue_on_error=False, event_handlers=None, executor='parallel', ignore_user_meta=False, install_base='install', log_base=None, log_level=None, main=<bound method BuildVerb.main of <colcon_core.verb.build.BuildVerb object at 0x7fd2a56f16a0>>, merge_install=False, metas=['./colcon.meta'], packages_above=None, packages_above_and_dependencies=None, packages_above_depth=None, packages_end=None, packages_ignore=None, packages_ignore_regex=None, packages_select=None, packages_select_build_failed=False, packages_select_by_dep=None, packages_select_regex=None, packages_select_test_failures=False, packages_skip=None, packages_skip_build_finished=False, packages_skip_by_dep=None, packages_skip_regex=None, packages_skip_test_passed=False, packages_skip_up_to=None, packages_start=None, packages_up_to=None, packages_up_to_regex=None, parallel_workers=8, paths=None, symlink_install=True, test_result_base=None, verb_extension=<colcon_core.verb.build.BuildVerb object at 0x7fd2a56f16a0>, verb_name='build', verb_parser=<colcon_defaults.argument_parser.defaults.DefaultArgumentsDecorator object at 0x7fd2a56f1be0>)
[0.167s] Level 1:colcon.colcon_core.package_discovery:discover_packages(colcon_meta) check parameters
[0.168s] Level 1:colcon.colcon_core.package_discovery:discover_packages(recursive) check parameters
[0.168s] Level 1:colcon.colcon_core.package_discovery:discover_packages(ignore) check parameters
[0.168s] Level 1:colcon.colcon_core.package_discovery:discover_packages(path) check parameters
[0.168s] Level 1:colcon.colcon_core.package_discovery:discover_packages(colcon_meta) discover
[0.168s] Level 1:colcon.colcon_core.package_discovery:discover_packages(recursive) discover
[0.168s] INFO:colcon.colcon_core.package_discovery:Crawling recursively for packages in '/home/ayushg/LB2_PF/dev_ws'
[0.168s] Level 1:colcon.colcon_core.package_identification:_identify(.) by extensions ['ignore', 'ignore_ament_install']
[0.168s] Level 1:colcon.colcon_core.package_identification:_identify(.) by extension 'ignore'
[0.168s] Level 1:colcon.colcon_core.package_identification:_identify(.) by extension 'ignore_ament_install'
[0.168s] Level 1:colcon.colcon_core.package_identification:_identify(.) by extensions ['colcon_pkg']
[0.168s] Level 1:colcon.colcon_core.package_identification:_identify(.) by extension 'colcon_pkg'
[0.168s] Level 1:colcon.colcon_core.package_identification:_identify(.) by extensions ['colcon_meta']
[0.168s] Level 1:colcon.colcon_core.package_identification:_identify(.) by extension 'colcon_meta'
[0.169s] Level 1:colcon.colcon_core.package_identification:_identify(.) by extensions ['ros']
[0.169s] Level 1:colcon.colcon_core.package_identification:_identify(.) by extension 'ros'
[0.178s] Level 1:colcon.colcon_core.package_identification:_identify(.) by extensions ['cmake', 'python']
[0.178s] Level 1:colcon.colcon_core.package_identification:_identify(.) by extension 'cmake'
[0.178s] Level 1:colcon.colcon_core.package_identification:_identify(.) by extension 'python'
[0.178s] Level 1:colcon.colcon_core.package_identification:_identify(.) by extensions ['python_setup_py']
[0.178s] Level 1:colcon.colcon_core.package_identification:_identify(.) by extension 'python_setup_py'
[0.179s] Level 1:colcon.colcon_core.package_identification:_identify(build) by extensions ['ignore', 'ignore_ament_install']
[0.179s] Level 1:colcon.colcon_core.package_identification:_identify(build) by extension 'ignore'
[0.179s] Level 1:colcon.colcon_core.package_identification:_identify(build) ignored
[0.179s] Level 1:colcon.colcon_core.package_identification:_identify(install) by extensions ['ignore', 'ignore_ament_install']
[0.179s] Level 1:colcon.colcon_core.package_identification:_identify(install) by extension 'ignore'
[0.179s] Level 1:colcon.colcon_core.package_identification:_identify(install) ignored
[0.179s] Level 1:colcon.colcon_core.package_identification:_identify(log) by extensions ['ignore', 'ignore_ament_install']
[0.179s] Level 1:colcon.colcon_core.package_identification:_identify(log) by extension 'ignore'
[0.179s] Level 1:colcon.colcon_core.package_identification:_identify(log) ignored
[0.180s] Level 1:colcon.colcon_core.package_identification:_identify(src) by extensions ['ignore', 'ignore_ament_install']
[0.180s] Level 1:colcon.colcon_core.package_identification:_identify(src) by extension 'ignore'
[0.180s] Level 1:colcon.colcon_core.package_identification:_identify(src) by extension 'ignore_ament_install'
[0.180s] Level 1:colcon.colcon_core.package_identification:_identify(src) by extensions ['colcon_pkg']
[0.180s] Level 1:colcon.colcon_core.package_identification:_identify(src) by extension 'colcon_pkg'
[0.180s] Level 1:colcon.colcon_core.package_identification:_identify(src) by extensions ['colcon_meta']
[0.180s] Level 1:colcon.colcon_core.package_identification:_identify(src) by extension 'colcon_meta'
[0.180s] Level 1:colcon.colcon_core.package_identification:_identify(src) by extensions ['ros']
[0.180s] Level 1:colcon.colcon_core.package_identification:_identify(src) by extension 'ros'
[0.180s] Level 1:colcon.colcon_core.package_identification:_identify(src) by extensions ['cmake', 'python']
[0.180s] Level 1:colcon.colcon_core.package_identification:_identify(src) by extension 'cmake'
[0.180s] Level 1:colcon.colcon_core.package_identification:_identify(src) by extension 'python'
[0.180s] Level 1:colcon.colcon_core.package_identification:_identify(src) by extensions ['python_setup_py']
[0.180s] Level 1:colcon.colcon_core.package_identification:_identify(src) by extension 'python_setup_py'
[0.180s] Level 1:colcon.colcon_core.package_identification:_identify(src/bagreader) by extensions ['ignore', 'ignore_ament_install']
[0.180s] Level 1:colcon.colcon_core.package_identification:_identify(src/bagreader) by extension 'ignore'
[0.180s] Level 1:colcon.colcon_core.package_identification:_identify(src/bagreader) by extension 'ignore_ament_install'
[0.180s] Level 1:colcon.colcon_core.package_identification:_identify(src/bagreader) by extensions ['colcon_pkg']
[0.180s] Level 1:colcon.colcon_core.package_identification:_identify(src/bagreader) by extension 'colcon_pkg'
[0.181s] Level 1:colcon.colcon_core.package_identification:_identify(src/bagreader) by extensions ['colcon_meta']
[0.181s] Level 1:colcon.colcon_core.package_identification:_identify(src/bagreader) by extension 'colcon_meta'
[0.181s] Level 1:colcon.colcon_core.package_identification:_identify(src/bagreader) by extensions ['ros']
[0.181s] Level 1:colcon.colcon_core.package_identification:_identify(src/bagreader) by extension 'ros'
[0.191s] DEBUG:colcon.colcon_core.package_identification:Package 'src/bagreader' with type 'ros.ament_python' and name 'bagreader'
[0.191s] Level 1:colcon.colcon_core.package_discovery:discover_packages(recursive) using defaults
[0.191s] Level 1:colcon.colcon_core.package_discovery:discover_packages(ignore) discover
[0.191s] Level 1:colcon.colcon_core.package_discovery:discover_packages(ignore) using defaults
[0.191s] Level 1:colcon.colcon_core.package_discovery:discover_packages(path) discover
[0.191s] Level 1:colcon.colcon_core.package_discovery:discover_packages(path) using defaults
[0.212s] Level 1:colcon.colcon_core.package_discovery:discover_packages(prefix_path) check parameters
[0.212s] Level 1:colcon.colcon_core.package_discovery:discover_packages(prefix_path) discover
[0.215s] DEBUG:colcon.colcon_installed_package_information.package_discovery:Found 1 installed packages in /home/ayushg/LB2_PF/dev_ws/install
[0.217s] DEBUG:colcon.colcon_installed_package_information.package_discovery:Found 373 installed packages in /opt/ros/galactic
[0.219s] Level 1:colcon.colcon_core.package_discovery:discover_packages(prefix_path) using defaults
[0.299s] Level 5:colcon.colcon_core.verb:set package 'bagreader' build argument 'cmake_args' from command line to 'None'
[0.300s] Level 5:colcon.colcon_core.verb:set package 'bagreader' build argument 'cmake_target' from command line to 'None'
[0.300s] Level 5:colcon.colcon_core.verb:set package 'bagreader' build argument 'cmake_target_skip_unavailable' from command line to 'False'
[0.300s] Level 5:colcon.colcon_core.verb:set package 'bagreader' build argument 'cmake_clean_cache' from command line to 'False'
[0.300s] Level 5:colcon.colcon_core.verb:set package 'bagreader' build argument 'cmake_clean_first' from command line to 'False'
[0.300s] Level 5:colcon.colcon_core.verb:set package 'bagreader' build argument 'cmake_force_configure' from command line to 'False'
[0.300s] Level 5:colcon.colcon_core.verb:set package 'bagreader' build argument 'ament_cmake_args' from command line to 'None'
[0.300s] Level 5:colcon.colcon_core.verb:set package 'bagreader' build argument 'catkin_cmake_args' from command line to 'None'
[0.300s] Level 5:colcon.colcon_core.verb:set package 'bagreader' build argument 'catkin_skip_building_tests' from command line to 'False'
[0.300s] DEBUG:colcon.colcon_core.verb:Building package 'bagreader' with the following arguments: {'ament_cmake_args': None, 'build_base': '/home/ayushg/LB2_PF/dev_ws/build/bagreader', 'catkin_cmake_args': None, 'catkin_skip_building_tests': False, 'cmake_args': None, 'cmake_clean_cache': False, 'cmake_clean_first': False, 'cmake_force_configure': False, 'cmake_target': None, 'cmake_target_skip_unavailable': False, 'install_base': '/home/ayushg/LB2_PF/dev_ws/install/bagreader', 'merge_install': False, 'path': '/home/ayushg/LB2_PF/dev_ws/src/bagreader', 'symlink_install': True, 'test_result_base': None}
[0.300s] INFO:colcon.colcon_core.executor:Executing jobs using 'parallel' executor
[0.304s] DEBUG:colcon.colcon_parallel_executor.executor.parallel:run_until_complete
[0.305s] INFO:colcon.colcon_ros.task.ament_python.build:Building ROS package in '/home/ayushg/LB2_PF/dev_ws/src/bagreader' with build type 'ament_python'
[0.305s] Level 1:colcon.colcon_core.shell:create_environment_hook('bagreader', 'ament_prefix_path')
[0.309s] INFO:colcon.colcon_core.plugin_system:Skipping extension 'colcon_core.shell.bat': Not used on non-Windows systems
[0.310s] INFO:colcon.colcon_core.shell:Creating environment hook '/home/ayushg/LB2_PF/dev_ws/install/bagreader/share/bagreader/hook/ament_prefix_path.ps1'
[0.310s] INFO:colcon.colcon_core.shell:Creating environment descriptor '/home/ayushg/LB2_PF/dev_ws/install/bagreader/share/bagreader/hook/ament_prefix_path.dsv'
[0.310s] INFO:colcon.colcon_core.shell:Creating environment hook '/home/ayushg/LB2_PF/dev_ws/install/bagreader/share/bagreader/hook/ament_prefix_path.sh'
[0.312s] INFO:colcon.colcon_core.shell:Skip shell extension 'powershell' for command environment: Not usable outside of PowerShell
[0.312s] DEBUG:colcon.colcon_core.shell:Skip shell extension 'dsv' for command environment
[0.544s] INFO:colcon.colcon_core.task.python.build:Building Python package in '/home/ayushg/LB2_PF/dev_ws/src/bagreader'
[0.546s] INFO:colcon.colcon_core.shell:Skip shell extension 'powershell' for command environment: Not usable outside of PowerShell
[0.546s] DEBUG:colcon.colcon_core.shell:Skip shell extension 'dsv' for command environment
[0.988s] DEBUG:colcon.colcon_core.task.python.build:While undoing a previous installation files outside the Python library path are being ignored: /home/ayushg/LB2_PF/dev_ws/install/bagreader/share/ament_index/resource_index/packages/bagreader
[0.988s] DEBUG:colcon.colcon_core.task.python.build:While undoing a previous installation files outside the Python library path are being ignored: /home/ayushg/LB2_PF/dev_ws/install/bagreader/share/bagreader/package.xml
[0.988s] DEBUG:colcon.colcon_core.task.python.build:While undoing a previous installation files outside the Python library path are being ignored: /home/ayushg/LB2_PF/dev_ws/install/bagreader/lib/bagreader/bagrun
[0.991s] DEBUG:colcon.colcon_core.event_handler.log_command:Invoking command in '/home/ayushg/LB2_PF/dev_ws/build/bagreader': PS1=\[\033[01;32m\]\u@docker\[\033[00m\][$ROS_DOMAIN_ID]:\[\033[01;34m\]\w\[\033[00m\]$ PYTHONPATH=/home/ayushg/LB2_PF/dev_ws/install/bagreader/lib/python3.8/site-packages:${PYTHONPATH} /usr/bin/python3 setup.py develop --prefix /home/ayushg/LB2_PF/dev_ws/install/bagreader --editable --build-directory /home/ayushg/LB2_PF/dev_ws/build/bagreader/build --no-deps install_data --install-dir /home/ayushg/LB2_PF/dev_ws/install/bagreader
[1.451s] Level 1:colcon.colcon_core.shell:create_environment_hook('bagreader', 'pythonpath_develop')
[1.454s] INFO:colcon.colcon_core.shell:Creating environment hook '/home/ayushg/LB2_PF/dev_ws/build/bagreader/share/bagreader/hook/pythonpath_develop.ps1'
[1.454s] DEBUG:colcon.colcon_core.event_handler.log_command:Invoked command in '/home/ayushg/LB2_PF/dev_ws/build/bagreader' returned '0': PS1=\[\033[01;32m\]\u@docker\[\033[00m\][$ROS_DOMAIN_ID]:\[\033[01;34m\]\w\[\033[00m\]$ PYTHONPATH=/home/ayushg/LB2_PF/dev_ws/install/bagreader/lib/python3.8/site-packages:${PYTHONPATH} /usr/bin/python3 setup.py develop --prefix /home/ayushg/LB2_PF/dev_ws/install/bagreader --editable --build-directory /home/ayushg/LB2_PF/dev_ws/build/bagreader/build --no-deps install_data --install-dir /home/ayushg/LB2_PF/dev_ws/install/bagreader
[1.455s] INFO:colcon.colcon_core.shell:Creating environment descriptor '/home/ayushg/LB2_PF/dev_ws/build/bagreader/share/bagreader/hook/pythonpath_develop.dsv'
[1.455s] INFO:colcon.colcon_core.shell:Creating environment hook '/home/ayushg/LB2_PF/dev_ws/build/bagreader/share/bagreader/hook/pythonpath_develop.sh'
[1.461s] Level 1:colcon.colcon_core.environment:checking '/home/ayushg/LB2_PF/dev_ws/install/bagreader' for CMake module files
[1.461s] Level 1:colcon.colcon_core.environment:checking '/home/ayushg/LB2_PF/dev_ws/install/bagreader' for CMake config files
[1.462s] Level 1:colcon.colcon_core.environment:checking '/home/ayushg/LB2_PF/dev_ws/install/bagreader/lib'
[1.462s] Level 1:colcon.colcon_core.environment:checking '/home/ayushg/LB2_PF/dev_ws/install/bagreader/bin'
[1.463s] Level 1:colcon.colcon_core.environment:checking '/home/ayushg/LB2_PF/dev_ws/install/bagreader/lib/pkgconfig/bagreader.pc'
[1.463s] Level 1:colcon.colcon_core.environment:checking '/home/ayushg/LB2_PF/dev_ws/install/bagreader/lib/python3.8/site-packages'
[1.463s] Level 1:colcon.colcon_core.shell:create_environment_hook('bagreader', 'pythonpath')
[1.464s] INFO:colcon.colcon_core.shell:Creating environment hook '/home/ayushg/LB2_PF/dev_ws/install/bagreader/share/bagreader/hook/pythonpath.ps1'
[1.465s] INFO:colcon.colcon_core.shell:Creating environment descriptor '/home/ayushg/LB2_PF/dev_ws/install/bagreader/share/bagreader/hook/pythonpath.dsv'
[1.465s] INFO:colcon.colcon_core.shell:Creating environment hook '/home/ayushg/LB2_PF/dev_ws/install/bagreader/share/bagreader/hook/pythonpath.sh'
[1.466s] Level 1:colcon.colcon_core.environment:checking '/home/ayushg/LB2_PF/dev_ws/install/bagreader/bin'
[1.466s] Level 1:colcon.colcon_core.environment:create_environment_scripts_only(bagreader)
[1.468s] INFO:colcon.colcon_core.shell:Creating package script '/home/ayushg/LB2_PF/dev_ws/install/bagreader/share/bagreader/package.ps1'
[1.468s] INFO:colcon.colcon_core.shell:Creating package descriptor '/home/ayushg/LB2_PF/dev_ws/install/bagreader/share/bagreader/package.dsv'
[1.469s] INFO:colcon.colcon_core.shell:Creating package script '/home/ayushg/LB2_PF/dev_ws/install/bagreader/share/bagreader/package.sh'
[1.470s] INFO:colcon.colcon_core.shell:Creating package script '/home/ayushg/LB2_PF/dev_ws/install/bagreader/share/bagreader/package.bash'
[1.471s] INFO:colcon.colcon_core.shell:Creating package script '/home/ayushg/LB2_PF/dev_ws/install/bagreader/share/bagreader/package.zsh'
[1.471s] Level 1:colcon.colcon_core.environment:create_file_with_runtime_dependencies(/home/ayushg/LB2_PF/dev_ws/install/bagreader/share/colcon-core/packages/bagreader)
[1.472s] DEBUG:colcon.colcon_parallel_executor.executor.parallel:closing loop
[1.472s] DEBUG:colcon.colcon_parallel_executor.executor.parallel:loop closed
[1.472s] DEBUG:colcon.colcon_parallel_executor.executor.parallel:run_until_complete finished with '0'
[1.472s] DEBUG:colcon.colcon_core.event_reactor:joining thread
[1.481s] INFO:colcon.colcon_core.plugin_system:Skipping extension 'colcon_notification.desktop_notification.terminal_notifier': Not used on non-Darwin systems
[1.481s] INFO:colcon.colcon_core.plugin_system:Skipping extension 'colcon_notification.desktop_notification.win32': Not used on non-Windows systems
[1.481s] INFO:colcon.colcon_notification.desktop_notification:Sending desktop notification using 'notify2'
[1.499s] DEBUG:colcon.colcon_core.event_reactor:joined thread
[1.501s] INFO:colcon.colcon_core.shell:Creating prefix script '/home/ayushg/LB2_PF/dev_ws/install/local_setup.ps1'
[1.502s] INFO:colcon.colcon_core.shell:Creating prefix util module '/home/ayushg/LB2_PF/dev_ws/install/_local_setup_util_ps1.py'
[1.504s] INFO:colcon.colcon_core.shell:Creating prefix chain script '/home/ayushg/LB2_PF/dev_ws/install/setup.ps1'
[1.506s] INFO:colcon.colcon_core.shell:Creating prefix script '/home/ayushg/LB2_PF/dev_ws/install/local_setup.sh'
[1.506s] INFO:colcon.colcon_core.shell:Creating prefix util module '/home/ayushg/LB2_PF/dev_ws/install/_local_setup_util_sh.py'
[1.507s] INFO:colcon.colcon_core.shell:Creating prefix chain script '/home/ayushg/LB2_PF/dev_ws/install/setup.sh'
[1.508s] INFO:colcon.colcon_core.shell:Creating prefix script '/home/ayushg/LB2_PF/dev_ws/install/local_setup.bash'
[1.509s] INFO:colcon.colcon_core.shell:Creating prefix chain script '/home/ayushg/LB2_PF/dev_ws/install/setup.bash'
[1.510s] INFO:colcon.colcon_core.shell:Creating prefix script '/home/ayushg/LB2_PF/dev_ws/install/local_setup.zsh'
[1.510s] INFO:colcon.colcon_core.shell:Creating prefix chain script '/home/ayushg/LB2_PF/dev_ws/install/setup.zsh'
